INFO: [VRFC 10-2263] Analyzing Verilog file "C:/FPGA/AP_5v_1clk/AP_5v.sim/sim_1/synth/func/xsim/sim_tb_top_func_synth.v" into library xil_defaultlib
INFO: [VRFC 10-311] analyzing module ALU_data_cache
INFO: [VRFC 10-311] analyzing module ALU_ins_cache
INFO: [VRFC 10-311] analyzing module AP_controller
INFO: [VRFC 10-311] analyzing module AP_top
INFO: [VRFC 10-311] analyzing module CAM
INFO: [VRFC 10-311] analyzing module DDR_cache_interface
INFO: [VRFC 10-311] analyzing module cell_A
INFO: [VRFC 10-311] analyzing module cell_B
INFO: [VRFC 10-311] analyzing module cell_C
INFO: [VRFC 10-311] analyzing module cell_F
INFO: [VRFC 10-311] analyzing module cell_R
INFO: [VRFC 10-311] analyzing module data_cache
INFO: [VRFC 10-311] analyzing module ddr3_interface_top
INFO: [VRFC 10-311] analyzing module ddr_controller
INFO: [VRFC 10-311] analyzing module fifo_generator_0
INFO: [VRFC 10-311] analyzing module fifo_generator_0_xpm_cdc_gray
INFO: [VRFC 10-311] analyzing module fifo_generator_0_xpm_cdc_gray__2
INFO: [VRFC 10-311] analyzing module fifo_generator_0_xpm_cdc_single
INFO: [VRFC 10-311] analyzing module fifo_generator_0_xpm_cdc_single__2
INFO: [VRFC 10-311] analyzing module fifo_generator_0_xpm_cdc_sync_rst
INFO: [VRFC 10-311] analyzing module fifo_generator_0_xpm_cdc_sync_rst__2
INFO: [VRFC 10-311] analyzing module fifo_generator_1
INFO: [VRFC 10-311] analyzing module fifo_generator_1_xpm_cdc_gray
INFO: [VRFC 10-311] analyzing module fifo_generator_1_xpm_cdc_gray__2
INFO: [VRFC 10-311] analyzing module fifo_generator_1_xpm_cdc_single
INFO: [VRFC 10-311] analyzing module fifo_generator_1_xpm_cdc_single__2
INFO: [VRFC 10-311] analyzing module fifo_generator_1_xpm_cdc_sync_rst
INFO: [VRFC 10-311] analyzing module fifo_generator_1_xpm_cdc_sync_rst__2
INFO: [VRFC 10-311] analyzing module ins_cache
INFO: [VRFC 10-311] analyzing module int_stack
INFO: [VRFC 10-311] analyzing module mig_7series_0
INFO: [VRFC 10-311] analyzing module mig_7series_0__mig_7series_0_mig
INFO: [VRFC 10-311] analyzing module mig_7series_0__mig_7series_v4_2_arb_mux
INFO: [VRFC 10-311] analyzing module mig_7series_0__mig_7series_v4_2_arb_row_col
INFO: [VRFC 10-311] analyzing module mig_7series_0__mig_7series_v4_2_arb_select
INFO: [VRFC 10-311] analyzing module mig_7series_0__mig_7series_v4_2_bank_cntrl
INFO: [VRFC 10-311] analyzing module mig_7series_0__mig_7series_v4_2_bank_cntrl__parameterized0
INFO: [VRFC 10-311] analyzing module mig_7series_0__mig_7series_v4_2_bank_cntrl__parameterized1
INFO: [VRFC 10-311] analyzing module mig_7series_0__mig_7series_v4_2_bank_cntrl__parameterized2
INFO: [VRFC 10-311] analyzing module mig_7series_0__mig_7series_v4_2_bank_common
INFO: [VRFC 10-311] analyzing module mig_7series_0__mig_7series_v4_2_bank_compare
INFO: [VRFC 10-311] analyzing module mig_7series_0__mig_7series_v4_2_bank_compare_0
INFO: [VRFC 10-311] analyzing module mig_7series_0__mig_7series_v4_2_bank_compare_1
INFO: [VRFC 10-311] analyzing module mig_7series_0__mig_7series_v4_2_bank_compare_2
INFO: [VRFC 10-311] analyzing module mig_7series_0__mig_7series_v4_2_bank_mach
INFO: [VRFC 10-311] analyzing module mig_7series_0__mig_7series_v4_2_bank_queue
INFO: [VRFC 10-311] analyzing module mig_7series_0__mig_7series_v4_2_bank_queue__parameterized0
INFO: [VRFC 10-311] analyzing module mig_7series_0__mig_7series_v4_2_bank_queue__parameterized1
INFO: [VRFC 10-311] analyzing module mig_7series_0__mig_7series_v4_2_bank_queue__parameterized2
INFO: [VRFC 10-311] analyzing module mig_7series_0__mig_7series_v4_2_bank_state
INFO: [VRFC 10-311] analyzing module mig_7series_0__mig_7series_v4_2_bank_state__parameterized0
INFO: [VRFC 10-311] analyzing module mig_7series_0__mig_7series_v4_2_bank_state__parameterized1
INFO: [VRFC 10-311] analyzing module mig_7series_0__mig_7series_v4_2_bank_state__parameterized2
INFO: [VRFC 10-311] analyzing module mig_7series_0__mig_7series_v4_2_clk_ibuf
INFO: [VRFC 10-311] analyzing module mig_7series_0__mig_7series_v4_2_col_mach
INFO: [VRFC 10-311] analyzing module mig_7series_0__mig_7series_v4_2_ddr_byte_group_io
INFO: [VRFC 10-311] analyzing module mig_7series_0__mig_7series_v4_2_ddr_byte_group_io__parameterized0
INFO: [VRFC 10-311] analyzing module mig_7series_0__mig_7series_v4_2_ddr_byte_group_io__parameterized1
INFO: [VRFC 10-311] analyzing module mig_7series_0__mig_7series_v4_2_ddr_byte_group_io__parameterized2
INFO: [VRFC 10-311] analyzing module mig_7series_0__mig_7series_v4_2_ddr_byte_group_io__parameterized3
INFO: [VRFC 10-311] analyzing module mig_7series_0__mig_7series_v4_2_ddr_byte_lane
INFO: [VRFC 10-311] analyzing module mig_7series_0__mig_7series_v4_2_ddr_byte_lane__parameterized0
INFO: [VRFC 10-311] analyzing module mig_7series_0__mig_7series_v4_2_ddr_byte_lane__parameterized1
INFO: [VRFC 10-311] analyzing module mig_7series_0__mig_7series_v4_2_ddr_byte_lane__parameterized2
INFO: [VRFC 10-311] analyzing module mig_7series_0__mig_7series_v4_2_ddr_byte_lane__parameterized3
INFO: [VRFC 10-311] analyzing module mig_7series_0__mig_7series_v4_2_ddr_calib_top
INFO: [VRFC 10-311] analyzing module mig_7series_0__mig_7series_v4_2_ddr_if_post_fifo
INFO: [VRFC 10-311] analyzing module mig_7series_0__mig_7series_v4_2_ddr_if_post_fifo_10
INFO: [VRFC 10-311] analyzing module mig_7series_0__mig_7series_v4_2_ddr_mc_phy
INFO: [VRFC 10-311] analyzing module mig_7series_0__mig_7series_v4_2_ddr_mc_phy_wrapper
INFO: [VRFC 10-311] analyzing module mig_7series_0__mig_7series_v4_2_ddr_of_pre_fifo
INFO: [VRFC 10-311] analyzing module mig_7series_0__mig_7series_v4_2_ddr_of_pre_fifo__parameterized0
INFO: [VRFC 10-311] analyzing module mig_7series_0__mig_7series_v4_2_ddr_of_pre_fifo__parameterized0_6
INFO: [VRFC 10-311] analyzing module mig_7series_0__mig_7series_v4_2_ddr_of_pre_fifo__parameterized1
INFO: [VRFC 10-311] analyzing module mig_7series_0__mig_7series_v4_2_ddr_of_pre_fifo__parameterized1_11
INFO: [VRFC 10-311] analyzing module mig_7series_0__mig_7series_v4_2_ddr_of_pre_fifo__parameterized1_7
INFO: [VRFC 10-311] analyzing module mig_7series_0__mig_7series_v4_2_ddr_of_pre_fifo__parameterized1_8
INFO: [VRFC 10-311] analyzing module mig_7series_0__mig_7series_v4_2_ddr_of_pre_fifo__parameterized1_9
INFO: [VRFC 10-311] analyzing module mig_7series_0__mig_7series_v4_2_ddr_phy_4lanes
INFO: [VRFC 10-311] analyzing module mig_7series_0__mig_7series_v4_2_ddr_phy_4lanes__parameterized0
INFO: [VRFC 10-311] analyzing module mig_7series_0__mig_7series_v4_2_ddr_phy_ck_addr_cmd_delay
INFO: [VRFC 10-311] analyzing module mig_7series_0__mig_7series_v4_2_ddr_phy_dqs_found_cal
INFO: [VRFC 10-311] analyzing module mig_7series_0__mig_7series_v4_2_ddr_phy_init
INFO: [VRFC 10-311] analyzing module mig_7series_0__mig_7series_v4_2_ddr_phy_ocd_cntlr
INFO: [VRFC 10-311] analyzing module mig_7series_0__mig_7series_v4_2_ddr_phy_ocd_data
INFO: [VRFC 10-311] analyzing module mig_7series_0__mig_7series_v4_2_ddr_phy_ocd_edge
INFO: [VRFC 10-311] analyzing module mig_7series_0__mig_7series_v4_2_ddr_phy_ocd_lim
INFO: [VRFC 10-311] analyzing module mig_7series_0__mig_7series_v4_2_ddr_phy_ocd_mux
INFO: [VRFC 10-311] analyzing module mig_7series_0__mig_7series_v4_2_ddr_phy_ocd_po_cntlr
INFO: [VRFC 10-311] analyzing module mig_7series_0__mig_7series_v4_2_ddr_phy_ocd_samp
INFO: [VRFC 10-311] analyzing module mig_7series_0__mig_7series_v4_2_ddr_phy_oclkdelay_cal
INFO: [VRFC 10-311] analyzing module mig_7series_0__mig_7series_v4_2_ddr_phy_prbs_rdlvl
INFO: [VRFC 10-311] analyzing module mig_7series_0__mig_7series_v4_2_ddr_phy_rdlvl
INFO: [VRFC 10-311] analyzing module mig_7series_0__mig_7series_v4_2_ddr_phy_tempmon
INFO: [VRFC 10-311] analyzing module mig_7series_0__mig_7series_v4_2_ddr_phy_top
INFO: [VRFC 10-311] analyzing module mig_7series_0__mig_7series_v4_2_ddr_phy_wrcal
INFO: [VRFC 10-311] analyzing module mig_7series_0__mig_7series_v4_2_ddr_phy_wrlvl
INFO: [VRFC 10-311] analyzing module mig_7series_0__mig_7series_v4_2_ddr_prbs_gen
INFO: [VRFC 10-311] analyzing module mig_7series_0__mig_7series_v4_2_infrastructure
INFO: [VRFC 10-311] analyzing module mig_7series_0__mig_7series_v4_2_iodelay_ctrl
INFO: [VRFC 10-311] analyzing module mig_7series_0__mig_7series_v4_2_mc
INFO: [VRFC 10-311] analyzing module mig_7series_0__mig_7series_v4_2_mem_intfc
INFO: [VRFC 10-311] analyzing module mig_7series_0__mig_7series_v4_2_memc_ui_top_std
INFO: [VRFC 10-311] analyzing module mig_7series_0__mig_7series_v4_2_poc_edge_store
INFO: [VRFC 10-311] analyzing module mig_7series_0__mig_7series_v4_2_poc_edge_store_12
INFO: [VRFC 10-311] analyzing module mig_7series_0__mig_7series_v4_2_poc_edge_store_13
INFO: [VRFC 10-311] analyzing module mig_7series_0__mig_7series_v4_2_poc_meta
INFO: [VRFC 10-311] analyzing module mig_7series_0__mig_7series_v4_2_poc_pd
INFO: [VRFC 10-311] analyzing module mig_7series_0__mig_7series_v4_2_poc_pd_5
INFO: [VRFC 10-311] analyzing module mig_7series_0__mig_7series_v4_2_poc_tap_base
INFO: [VRFC 10-311] analyzing module mig_7series_0__mig_7series_v4_2_poc_top
INFO: [VRFC 10-311] analyzing module mig_7series_0__mig_7series_v4_2_rank_cntrl
INFO: [VRFC 10-311] analyzing module mig_7series_0__mig_7series_v4_2_rank_common
INFO: [VRFC 10-311] analyzing module mig_7series_0__mig_7series_v4_2_rank_mach
INFO: [VRFC 10-311] analyzing module mig_7series_0__mig_7series_v4_2_round_robin_arb
INFO: [VRFC 10-311] analyzing module mig_7series_0__mig_7series_v4_2_round_robin_arb__parameterized1
INFO: [VRFC 10-311] analyzing module mig_7series_0__mig_7series_v4_2_round_robin_arb__parameterized1_3
INFO: [VRFC 10-311] analyzing module mig_7series_0__mig_7series_v4_2_round_robin_arb__parameterized1_4
INFO: [VRFC 10-311] analyzing module mig_7series_0__mig_7series_v4_2_tempmon
INFO: [VRFC 10-311] analyzing module mig_7series_0__mig_7series_v4_2_ui_cmd
INFO: [VRFC 10-311] analyzing module mig_7series_0__mig_7series_v4_2_ui_rd_data
INFO: [VRFC 10-311] analyzing module mig_7series_0__mig_7series_v4_2_ui_top
INFO: [VRFC 10-311] analyzing module mig_7series_0__mig_7series_v4_2_ui_wr_data
INFO: [VRFC 10-311] analyzing module program_counter
INFO: [VRFC 10-311] analyzing module sm_data_cache
INFO: [VRFC 10-311] analyzing module sm_ins_cache
INFO: [VRFC 10-311] analyzing module tag_cell
INFO: [VRFC 10-311] analyzing module fifo_generator_0_blk_mem_gen_generic_cstr
INFO: [VRFC 10-311] analyzing module fifo_generator_0_blk_mem_gen_prim_width
INFO: [VRFC 10-311] analyzing module fifo_generator_0_blk_mem_gen_prim_wrapper
INFO: [VRFC 10-311] analyzing module fifo_generator_0_blk_mem_gen_top
INFO: [VRFC 10-311] analyzing module fifo_generator_0_blk_mem_gen_v8_4_2
INFO: [VRFC 10-311] analyzing module fifo_generator_0_blk_mem_gen_v8_4_2_synth
INFO: [VRFC 10-311] analyzing module fifo_generator_0_clk_x_pntrs
INFO: [VRFC 10-311] analyzing module fifo_generator_0_fifo_generator_ramfifo
INFO: [VRFC 10-311] analyzing module fifo_generator_0_fifo_generator_top
INFO: [VRFC 10-311] analyzing module fifo_generator_0_fifo_generator_v13_2_3
INFO: [VRFC 10-311] analyzing module fifo_generator_0_fifo_generator_v13_2_3_synth
INFO: [VRFC 10-311] analyzing module fifo_generator_0_memory
INFO: [VRFC 10-311] analyzing module fifo_generator_0_rd_bin_cntr
INFO: [VRFC 10-311] analyzing module fifo_generator_0_rd_logic
INFO: [VRFC 10-311] analyzing module fifo_generator_0_rd_status_flags_as
INFO: [VRFC 10-311] analyzing module fifo_generator_0_reset_blk_ramfifo
INFO: [VRFC 10-311] analyzing module fifo_generator_0_wr_bin_cntr
INFO: [VRFC 10-311] analyzing module fifo_generator_0_wr_logic
INFO: [VRFC 10-311] analyzing module fifo_generator_0_wr_status_flags_as
INFO: [VRFC 10-311] analyzing module fifo_generator_1_blk_mem_gen_generic_cstr
INFO: [VRFC 10-311] analyzing module fifo_generator_1_blk_mem_gen_prim_width
INFO: [VRFC 10-311] analyzing module fifo_generator_1_blk_mem_gen_prim_wrapper
INFO: [VRFC 10-311] analyzing module fifo_generator_1_blk_mem_gen_top
INFO: [VRFC 10-311] analyzing module fifo_generator_1_blk_mem_gen_v8_4_2
INFO: [VRFC 10-311] analyzing module fifo_generator_1_blk_mem_gen_v8_4_2_synth
INFO: [VRFC 10-311] analyzing module fifo_generator_1_clk_x_pntrs
INFO: [VRFC 10-311] analyzing module fifo_generator_1_fifo_generator_ramfifo
INFO: [VRFC 10-311] analyzing module fifo_generator_1_fifo_generator_top
INFO: [VRFC 10-311] analyzing module fifo_generator_1_fifo_generator_v13_2_3
INFO: [VRFC 10-311] analyzing module fifo_generator_1_fifo_generator_v13_2_3_synth
INFO: [VRFC 10-311] analyzing module fifo_generator_1_memory
INFO: [VRFC 10-311] analyzing module fifo_generator_1_rd_bin_cntr
INFO: [VRFC 10-311] analyzing module fifo_generator_1_rd_logic
INFO: [VRFC 10-311] analyzing module fifo_generator_1_rd_status_flags_as
INFO: [VRFC 10-311] analyzing module fifo_generator_1_reset_blk_ramfifo
INFO: [VRFC 10-311] analyzing module fifo_generator_1_wr_bin_cntr
INFO: [VRFC 10-311] analyzing module fifo_generator_1_wr_logic
INFO: [VRFC 10-311] analyzing module fifo_generator_1_wr_status_flags_as
INFO: [VRFC 10-311] analyzing module glbl
INFO: [VRFC 10-2263] Analyzing Verilog file "C:/FPGA/AP_5v_1clk/AP_5v.srcs/sources_1/ip/mig_7series_0/mig_7series_0/example_design/sim/wiredly.v" into library xil_defaultlib
INFO: [VRFC 10-311] analyzing module WireDelay
